<?xml version="1.0" encoding="UTF-8"?>
<!-- Generated by org.testng.reporters.JUnitReportReporter -->
<testsuite hostname="LTIN494529" failures="0" tests="1" name="WindowsOpening" time="0.012" errors="0" timestamp="2024-08-31T00:15:12 IST" skipped="0">
  <testcase classname="WindowsOpening" name="test" time="0.012"/>
</testsuite> <!-- WindowsOpening -->
